/home/ssafy/final_project/install/final_project/lib/python3.10/site-packages/final_project/ptp_move_back.py
/home/ssafy/final_project/install/final_project/lib/python3.10/site-packages/final_project/test_main_prog.py
/home/ssafy/final_project/install/final_project/lib/python3.10/site-packages/final_project/obj_detect.py
/home/ssafy/final_project/install/final_project/lib/python3.10/site-packages/final_project/fixed_main_prog.py
/home/ssafy/final_project/install/final_project/lib/python3.10/site-packages/final_project/adv_main_prog.py
/home/ssafy/final_project/install/final_project/lib/python3.10/site-packages/final_project/ptp_move_board.py
/home/ssafy/final_project/install/final_project/lib/python3.10/site-packages/final_project/__init__.py
/home/ssafy/final_project/install/final_project/lib/python3.10/site-packages/final_project/ptp_move_panel.py
/home/ssafy/final_project/install/final_project/lib/python3.10/site-packages/final_project/main_prog.py
/home/ssafy/final_project/install/final_project/lib/python3.10/site-packages/final_project/__pycache__/ptp_move_back.cpython-310.pyc
/home/ssafy/final_project/install/final_project/lib/python3.10/site-packages/final_project/__pycache__/test_main_prog.cpython-310.pyc
/home/ssafy/final_project/install/final_project/lib/python3.10/site-packages/final_project/__pycache__/obj_detect.cpython-310.pyc
/home/ssafy/final_project/install/final_project/lib/python3.10/site-packages/final_project/__pycache__/fixed_main_prog.cpython-310.pyc
/home/ssafy/final_project/install/final_project/lib/python3.10/site-packages/final_project/__pycache__/adv_main_prog.cpython-310.pyc
/home/ssafy/final_project/install/final_project/lib/python3.10/site-packages/final_project/__pycache__/ptp_move_board.cpython-310.pyc
/home/ssafy/final_project/install/final_project/lib/python3.10/site-packages/final_project/__pycache__/__init__.cpython-310.pyc
/home/ssafy/final_project/install/final_project/lib/python3.10/site-packages/final_project/__pycache__/ptp_move_panel.cpython-310.pyc
/home/ssafy/final_project/install/final_project/lib/python3.10/site-packages/final_project/__pycache__/main_prog.cpython-310.pyc
/home/ssafy/final_project/install/final_project/share/ament_index/resource_index/packages/final_project
/home/ssafy/final_project/install/final_project/share/final_project/package.xml
/home/ssafy/final_project/install/final_project/share/final_project/intergrate.launch.py
/home/ssafy/final_project/install/final_project/lib/python3.10/site-packages/final_project-0.0.0-py3.10.egg-info/dependency_links.txt
/home/ssafy/final_project/install/final_project/lib/python3.10/site-packages/final_project-0.0.0-py3.10.egg-info/zip-safe
/home/ssafy/final_project/install/final_project/lib/python3.10/site-packages/final_project-0.0.0-py3.10.egg-info/entry_points.txt
/home/ssafy/final_project/install/final_project/lib/python3.10/site-packages/final_project-0.0.0-py3.10.egg-info/requires.txt
/home/ssafy/final_project/install/final_project/lib/python3.10/site-packages/final_project-0.0.0-py3.10.egg-info/top_level.txt
/home/ssafy/final_project/install/final_project/lib/python3.10/site-packages/final_project-0.0.0-py3.10.egg-info/PKG-INFO
/home/ssafy/final_project/install/final_project/lib/python3.10/site-packages/final_project-0.0.0-py3.10.egg-info/SOURCES.txt
/home/ssafy/final_project/install/final_project/lib/final_project/adv_main_prog
/home/ssafy/final_project/install/final_project/lib/final_project/fixed_main_prog
/home/ssafy/final_project/install/final_project/lib/final_project/main_prog
/home/ssafy/final_project/install/final_project/lib/final_project/obj_detect
/home/ssafy/final_project/install/final_project/lib/final_project/ptp_move_back
/home/ssafy/final_project/install/final_project/lib/final_project/ptp_move_board
/home/ssafy/final_project/install/final_project/lib/final_project/ptp_move_panel
/home/ssafy/final_project/install/final_project/lib/final_project/test_main_prog
