running egg_info
creating ../../build/final_project/final_project.egg-info
writing ../../build/final_project/final_project.egg-info/PKG-INFO
writing dependency_links to ../../build/final_project/final_project.egg-info/dependency_links.txt
writing requirements to ../../build/final_project/final_project.egg-info/requires.txt
writing top-level names to ../../build/final_project/final_project.egg-info/top_level.txt
writing manifest file '../../build/final_project/final_project.egg-info/SOURCES.txt'
reading manifest file '../../build/final_project/final_project.egg-info/SOURCES.txt'
writing manifest file '../../build/final_project/final_project.egg-info/SOURCES.txt'
running build
running build_py
creating /home/ssafy/final_project/build/final_project/build
creating /home/ssafy/final_project/build/final_project/build/lib
creating /home/ssafy/final_project/build/final_project/build/lib/final_project
copying final_project/__init__.py -> /home/ssafy/final_project/build/final_project/build/lib/final_project
running install
running install_lib
creating /home/ssafy/final_project/install/final_project/lib/python3.10/site-packages/final_project
copying /home/ssafy/final_project/build/final_project/build/lib/final_project/__init__.py -> /home/ssafy/final_project/install/final_project/lib/python3.10/site-packages/final_project
byte-compiling /home/ssafy/final_project/install/final_project/lib/python3.10/site-packages/final_project/__init__.py to __init__.cpython-310.pyc
running install_data
creating /home/ssafy/final_project/install/final_project/share/ament_index
creating /home/ssafy/final_project/install/final_project/share/ament_index/resource_index
creating /home/ssafy/final_project/install/final_project/share/ament_index/resource_index/packages
copying resource/final_project -> /home/ssafy/final_project/install/final_project/share/ament_index/resource_index/packages
copying package.xml -> /home/ssafy/final_project/install/final_project/share/final_project
running install_egg_info
Copying ../../build/final_project/final_project.egg-info to /home/ssafy/final_project/install/final_project/lib/python3.10/site-packages/final_project-0.0.0-py3.10.egg-info
running install_scripts
writing list of installed files to '/home/ssafy/final_project/build/final_project/install.log'
