[0.633s] Invoking command in '/home/ssafy/final_project/src/final_project': PYTHONPATH=/home/ssafy/final_project/build/final_project/prefix_override:/usr/lib/python3/dist-packages/colcon_core/task/python/colcon_distutils_commands:/home/ssafy/final_project/install/final_project/lib/python3.10/site-packages:${PYTHONPATH} /usr/bin/python3 -W ignore:setup.py install is deprecated setup.py egg_info --egg-base ../../build/final_project build --build-base /home/ssafy/final_project/build/final_project/build install --record /home/ssafy/final_project/build/final_project/install.log --single-version-externally-managed install_data
[0.831s] running egg_info
[0.831s] creating ../../build/final_project/final_project.egg-info
[0.844s] writing ../../build/final_project/final_project.egg-info/PKG-INFO
[0.844s] writing dependency_links to ../../build/final_project/final_project.egg-info/dependency_links.txt
[0.844s] writing requirements to ../../build/final_project/final_project.egg-info/requires.txt
[0.844s] writing top-level names to ../../build/final_project/final_project.egg-info/top_level.txt
[0.844s] writing manifest file '../../build/final_project/final_project.egg-info/SOURCES.txt'
[0.869s] reading manifest file '../../build/final_project/final_project.egg-info/SOURCES.txt'
[0.869s] writing manifest file '../../build/final_project/final_project.egg-info/SOURCES.txt'
[0.869s] running build
[0.870s] running build_py
[0.870s] creating /home/ssafy/final_project/build/final_project/build
[0.870s] creating /home/ssafy/final_project/build/final_project/build/lib
[0.870s] creating /home/ssafy/final_project/build/final_project/build/lib/final_project
[0.870s] copying final_project/__init__.py -> /home/ssafy/final_project/build/final_project/build/lib/final_project
[0.870s] running install
[0.873s] running install_lib
[0.885s] creating /home/ssafy/final_project/install/final_project/lib/python3.10/site-packages/final_project
[0.886s] copying /home/ssafy/final_project/build/final_project/build/lib/final_project/__init__.py -> /home/ssafy/final_project/install/final_project/lib/python3.10/site-packages/final_project
[0.886s] byte-compiling /home/ssafy/final_project/install/final_project/lib/python3.10/site-packages/final_project/__init__.py to __init__.cpython-310.pyc
[0.886s] running install_data
[0.886s] creating /home/ssafy/final_project/install/final_project/share/ament_index
[0.886s] creating /home/ssafy/final_project/install/final_project/share/ament_index/resource_index
[0.886s] creating /home/ssafy/final_project/install/final_project/share/ament_index/resource_index/packages
[0.886s] copying resource/final_project -> /home/ssafy/final_project/install/final_project/share/ament_index/resource_index/packages
[0.886s] copying package.xml -> /home/ssafy/final_project/install/final_project/share/final_project
[0.886s] running install_egg_info
[0.900s] Copying ../../build/final_project/final_project.egg-info to /home/ssafy/final_project/install/final_project/lib/python3.10/site-packages/final_project-0.0.0-py3.10.egg-info
[0.900s] running install_scripts
[1.021s] writing list of installed files to '/home/ssafy/final_project/build/final_project/install.log'
[1.037s] Invoked command in '/home/ssafy/final_project/src/final_project' returned '0': PYTHONPATH=/home/ssafy/final_project/build/final_project/prefix_override:/usr/lib/python3/dist-packages/colcon_core/task/python/colcon_distutils_commands:/home/ssafy/final_project/install/final_project/lib/python3.10/site-packages:${PYTHONPATH} /usr/bin/python3 -W ignore:setup.py install is deprecated setup.py egg_info --egg-base ../../build/final_project build --build-base /home/ssafy/final_project/build/final_project/build install --record /home/ssafy/final_project/build/final_project/install.log --single-version-externally-managed install_data
