[0.869s] Invoking command in '/home/ssafy/final_project/src/final_project': PYTHONPATH=/home/ssafy/final_project/build/final_project/prefix_override:/usr/lib/python3/dist-packages/colcon_core/task/python/colcon_distutils_commands:/home/ssafy/final_project/install/final_project/lib/python3.10/site-packages:${PYTHONPATH} /usr/bin/python3 -W ignore:setup.py install is deprecated setup.py egg_info --egg-base ../../build/final_project build --build-base /home/ssafy/final_project/build/final_project/build install --record /home/ssafy/final_project/build/final_project/install.log --single-version-externally-managed install_data
[1.092s] running egg_info
[1.105s] writing ../../build/final_project/final_project.egg-info/PKG-INFO
[1.105s] writing dependency_links to ../../build/final_project/final_project.egg-info/dependency_links.txt
[1.106s] writing entry points to ../../build/final_project/final_project.egg-info/entry_points.txt
[1.106s] writing requirements to ../../build/final_project/final_project.egg-info/requires.txt
[1.106s] writing top-level names to ../../build/final_project/final_project.egg-info/top_level.txt
[1.136s] reading manifest file '../../build/final_project/final_project.egg-info/SOURCES.txt'
[1.137s] writing manifest file '../../build/final_project/final_project.egg-info/SOURCES.txt'
[1.138s] running build
[1.138s] running build_py
[1.138s] copying final_project/__init__.py -> /home/ssafy/final_project/build/final_project/build/lib/final_project
[1.138s] copying final_project/ptp_move_panel.py -> /home/ssafy/final_project/build/final_project/build/lib/final_project
[1.138s] copying final_project/main_prog.py -> /home/ssafy/final_project/build/final_project/build/lib/final_project
[1.138s] running install
[1.141s] running install_lib
[1.155s] copying /home/ssafy/final_project/build/final_project/build/lib/final_project/ptp_move_panel.py -> /home/ssafy/final_project/install/final_project/lib/python3.10/site-packages/final_project
[1.156s] byte-compiling /home/ssafy/final_project/install/final_project/lib/python3.10/site-packages/final_project/ptp_move_panel.py to ptp_move_panel.cpython-310.pyc
[1.157s] running install_data
[1.157s] copying resource/final_project -> /home/ssafy/final_project/install/final_project/share/ament_index/resource_index/packages
[1.157s] copying package.xml -> /home/ssafy/final_project/install/final_project/share/final_project
[1.157s] copying launch/intergrate.launch.py -> /home/ssafy/final_project/install/final_project/share/final_project
[1.157s] running install_egg_info
[1.172s] removing '/home/ssafy/final_project/install/final_project/lib/python3.10/site-packages/final_project-0.0.0-py3.10.egg-info' (and everything under it)
[1.173s] Copying ../../build/final_project/final_project.egg-info to /home/ssafy/final_project/install/final_project/lib/python3.10/site-packages/final_project-0.0.0-py3.10.egg-info
[1.173s] running install_scripts
[1.302s] Installing main_prog script to /home/ssafy/final_project/install/final_project/lib/final_project
[1.302s] Installing ptp_move_panel script to /home/ssafy/final_project/install/final_project/lib/final_project
[1.302s] writing list of installed files to '/home/ssafy/final_project/build/final_project/install.log'
[1.328s] Invoked command in '/home/ssafy/final_project/src/final_project' returned '0': PYTHONPATH=/home/ssafy/final_project/build/final_project/prefix_override:/usr/lib/python3/dist-packages/colcon_core/task/python/colcon_distutils_commands:/home/ssafy/final_project/install/final_project/lib/python3.10/site-packages:${PYTHONPATH} /usr/bin/python3 -W ignore:setup.py install is deprecated setup.py egg_info --egg-base ../../build/final_project build --build-base /home/ssafy/final_project/build/final_project/build install --record /home/ssafy/final_project/build/final_project/install.log --single-version-externally-managed install_data
