running egg_info
writing ../../build/final_project/final_project.egg-info/PKG-INFO
writing dependency_links to ../../build/final_project/final_project.egg-info/dependency_links.txt
writing entry points to ../../build/final_project/final_project.egg-info/entry_points.txt
writing requirements to ../../build/final_project/final_project.egg-info/requires.txt
writing top-level names to ../../build/final_project/final_project.egg-info/top_level.txt
reading manifest file '../../build/final_project/final_project.egg-info/SOURCES.txt'
writing manifest file '../../build/final_project/final_project.egg-info/SOURCES.txt'
running build
running build_py
copying final_project/__init__.py -> /home/ssafy/final_project/build/final_project/build/lib/final_project
copying final_project/ptp_move_panel.py -> /home/ssafy/final_project/build/final_project/build/lib/final_project
copying final_project/fixed_main_prog .py -> /home/ssafy/final_project/build/final_project/build/lib/final_project
copying final_project/main_prog.py -> /home/ssafy/final_project/build/final_project/build/lib/final_project
running install
running install_lib
copying /home/ssafy/final_project/build/final_project/build/lib/final_project/fixed_main_prog .py -> /home/ssafy/final_project/install/final_project/lib/python3.10/site-packages/final_project
copying /home/ssafy/final_project/build/final_project/build/lib/final_project/main_prog.py -> /home/ssafy/final_project/install/final_project/lib/python3.10/site-packages/final_project
byte-compiling /home/ssafy/final_project/install/final_project/lib/python3.10/site-packages/final_project/fixed_main_prog .py to fixed_main_prog .cpython-310.pyc
byte-compiling /home/ssafy/final_project/install/final_project/lib/python3.10/site-packages/final_project/main_prog.py to main_prog.cpython-310.pyc
running install_data
copying resource/final_project -> /home/ssafy/final_project/install/final_project/share/ament_index/resource_index/packages
copying package.xml -> /home/ssafy/final_project/install/final_project/share/final_project
copying launch/intergrate.launch.py -> /home/ssafy/final_project/install/final_project/share/final_project
running install_egg_info
removing '/home/ssafy/final_project/install/final_project/lib/python3.10/site-packages/final_project-0.0.0-py3.10.egg-info' (and everything under it)
Copying ../../build/final_project/final_project.egg-info to /home/ssafy/final_project/install/final_project/lib/python3.10/site-packages/final_project-0.0.0-py3.10.egg-info
running install_scripts
Installing fixed_main_prog script to /home/ssafy/final_project/install/final_project/lib/final_project
Installing main_prog script to /home/ssafy/final_project/install/final_project/lib/final_project
Installing ptp_move_panel script to /home/ssafy/final_project/install/final_project/lib/final_project
writing list of installed files to '/home/ssafy/final_project/build/final_project/install.log'
