[0.696s] Invoking command in '/home/ssafy/final_project/src/final_project': PYTHONPATH=/home/ssafy/final_project/build/final_project/prefix_override:/usr/lib/python3/dist-packages/colcon_core/task/python/colcon_distutils_commands:/home/ssafy/final_project/install/final_project/lib/python3.10/site-packages:${PYTHONPATH} /usr/bin/python3 -W ignore:setup.py install is deprecated setup.py egg_info --egg-base ../../build/final_project build --build-base /home/ssafy/final_project/build/final_project/build install --record /home/ssafy/final_project/build/final_project/install.log --single-version-externally-managed install_data
[1.040s] running egg_info
[1.054s] writing ../../build/final_project/final_project.egg-info/PKG-INFO
[1.054s] writing dependency_links to ../../build/final_project/final_project.egg-info/dependency_links.txt
[1.054s] writing entry points to ../../build/final_project/final_project.egg-info/entry_points.txt
[1.055s] writing requirements to ../../build/final_project/final_project.egg-info/requires.txt
[1.055s] writing top-level names to ../../build/final_project/final_project.egg-info/top_level.txt
[1.083s] reading manifest file '../../build/final_project/final_project.egg-info/SOURCES.txt'
[1.083s] writing manifest file '../../build/final_project/final_project.egg-info/SOURCES.txt'
[1.083s] running build
[1.083s] running build_py
[1.083s] copying final_project/__init__.py -> /home/ssafy/final_project/build/final_project/build/lib/final_project
[1.083s] copying final_project/ptp_move_panel.py -> /home/ssafy/final_project/build/final_project/build/lib/final_project
[1.084s] copying final_project/main_prog.py -> /home/ssafy/final_project/build/final_project/build/lib/final_project
[1.084s] running install
[1.088s] running install_lib
[1.102s] copying /home/ssafy/final_project/build/final_project/build/lib/final_project/ptp_move_panel.py -> /home/ssafy/final_project/install/final_project/lib/python3.10/site-packages/final_project
[1.102s] byte-compiling /home/ssafy/final_project/install/final_project/lib/python3.10/site-packages/final_project/ptp_move_panel.py to ptp_move_panel.cpython-310.pyc
[1.103s] running install_data
[1.103s] copying resource/final_project -> /home/ssafy/final_project/install/final_project/share/ament_index/resource_index/packages
[1.103s] copying package.xml -> /home/ssafy/final_project/install/final_project/share/final_project
[1.103s] copying launch/intergrate.launch.py -> /home/ssafy/final_project/install/final_project/share/final_project
[1.104s] running install_egg_info
[1.122s] removing '/home/ssafy/final_project/install/final_project/lib/python3.10/site-packages/final_project-0.0.0-py3.10.egg-info' (and everything under it)
[1.122s] Copying ../../build/final_project/final_project.egg-info to /home/ssafy/final_project/install/final_project/lib/python3.10/site-packages/final_project-0.0.0-py3.10.egg-info
[1.123s] running install_scripts
[1.268s] Installing main_prog script to /home/ssafy/final_project/install/final_project/lib/final_project
[1.268s] Installing ptp_move_panel script to /home/ssafy/final_project/install/final_project/lib/final_project
[1.268s] writing list of installed files to '/home/ssafy/final_project/build/final_project/install.log'
[1.289s] Invoked command in '/home/ssafy/final_project/src/final_project' returned '0': PYTHONPATH=/home/ssafy/final_project/build/final_project/prefix_override:/usr/lib/python3/dist-packages/colcon_core/task/python/colcon_distutils_commands:/home/ssafy/final_project/install/final_project/lib/python3.10/site-packages:${PYTHONPATH} /usr/bin/python3 -W ignore:setup.py install is deprecated setup.py egg_info --egg-base ../../build/final_project build --build-base /home/ssafy/final_project/build/final_project/build install --record /home/ssafy/final_project/build/final_project/install.log --single-version-externally-managed install_data
